   SW   perc perc perc  query                                position in query     matching            repeat        position in repeat
score   div. del. ins.  sequence                             begin end    (left)   repeat              class/family begin  end    (left)  ID

 1000    1.8  0.0  0.0  CL569186.1#subtelomere/4-12-1          672   784     (0) + Zm00001d002106_T001 Unspecified    259    371  (109)   1  
  579    0.0  0.0  0.0  Hip1_1#DNA/Helitron                    610   672   (609) + Zm00001d018307_T002 Unspecified      1     63   (21)   2 *
 1038    1.7  0.0  0.0  Hip1_1#DNA/Helitron                    619   737   (544) C Zm00001d034161_T015 Unspecified  (370)    119      1   3  
  672   14.2  2.6  0.0  Hip1_1#DNA/Helitron                    649   761   (520) + Zm00001d037052_T001 Unspecified    304    419   (61)   4 *
  859   10.8  0.0  1.7  Hip1_1#DNA/Helitron                    752   873   (408) + Zm00001d006897_T002 Unspecified      1    120    (0)   5  
  835   12.4  8.0  0.7  Hip1_1#DNA/Helitron                    779   916   (365) + Zm00001d014185_T003 Unspecified    115    262   (59)   6 *
  815    9.8  9.0  0.0  Hip1_1#DNA/Helitron                    810   931   (350) + Zm00001d009684_T001 Unspecified      1    133  (431)   7 *
  829   10.6  2.4  0.8  Hip1_1#DNA/Helitron                    901  1024   (257) C Zm00001d034499_T001 Unspecified   (13)    886    761   8 *
 1089    7.5  0.0  0.0  Hip1_1#DNA/Helitron                   1004  1137   (144) C Zm00001d049917_T001 Unspecified   (93)    154     21   9  
  752   16.8  0.8  0.0  Hip1_15#DNA/Helitron                   559   677   (262) C Zm00001d034499_T001 Unspecified   (22)    877    758  10 *
  948   11.9  0.0  0.0  Hip1_15#DNA/Helitron                   653   786   (153) C Zm00001d049917_T001 Unspecified   (92)    155     22  11  
  503    6.7  0.0  0.0  Hip1_15#DNA/Helitron                   878   937     (2) C Zm00001d036776_T001 Unspecified  (340)    713    654  12  
  526   14.1  2.6  0.0  Hip1_19#DNA/Helitron                   751   828  (1176) C Zm00001d034499_T001 Unspecified   (62)    837    758  13 *
  919   14.9  0.0  0.0  Hip1_19#DNA/Helitron                   804   937  (1067) C Zm00001d049917_T001 Unspecified   (92)    155     22  14  
  536    3.3  0.0  0.0  Hip1_19#DNA/Helitron                  1030  1089   (915) C Zm00001d036776_T001 Unspecified  (340)    713    654  15  
  763   15.1  0.8  1.7  Hip1_19#DNA/Helitron                  1623  1743   (261) C Zm00001d034499_T001 Unspecified   (22)    877    758  16 *
  950   11.9  0.8  0.0  Hip1_19#DNA/Helitron                  1719  1852   (152) C Zm00001d049917_T001 Unspecified   (92)    155     21  17  
 1696   11.6  0.4  0.0  Hip1_26#DNA/Helitron                   846  1096  (2597) + Zm00001d032986_T006 Unspecified    185    436  (113)  18  
  532   19.2  1.0  0.0  Hip1_26#DNA/Helitron                  1178  1276  (2417) + Zm00001d035677_T001 Unspecified    102    201  (846)  19  
  562   14.8  0.0  0.0  Hip1_28#DNA/Helitron                   567   647  (3899) C Zm00001d034499_T001 Unspecified   (61)    838    758  20 *
  602   15.7  0.0  0.0  Hip1_28#DNA/Helitron                   623   711  (3835) C Zm00001d049917_T001 Unspecified   (92)    155     67  21  
  620    2.6  0.0  0.0  Hip1_28#DNA/Helitron                  1226  1301  (3245) + Zm00001d032880_T001 Unspecified      1     76  (179)  22  
  946    0.9  0.0  0.0  Hip1_28#DNA/Helitron                  2317  2421  (2125) + Zm00001d032880_T001 Unspecified    151    255    (0)  23  
  692   19.1  6.1  0.0  Hip1_28#DNA/Helitron                  2318  2448  (2098) + Zm00001d040014_T002 Unspecified    350    488  (439)  24 *
 2173    2.0  0.4  0.0  Hip1_28#DNA/Helitron                  2336  2580  (1966) + Zm00001d013980_T001 Unspecified      1    246    (0)  25  
  577   16.3  1.1  0.0  Hip1_28#DNA/Helitron                  2869  2960  (1586) + Zm00001d040014_T002 Unspecified    595    687  (240)  26  
  509    9.3  5.3  0.0  Hip1_28#DNA/Helitron                  3047  3121  (1425) + Zm00001d005982_T001 Unspecified    343    421   (83)  27  
  789    2.3  0.0  0.0  Hip1_28#DNA/Helitron                  3295  3382  (1164) + Zm00001d005982_T001 Unspecified    402    489   (15)  28  
  591    9.0  0.0  0.0  Hip1_28#DNA/Helitron                  3725  3802   (744) + Zm00001d006667_T002 Unspecified    589    666  (123)  29  
  557   16.3  0.0  9.1  Hip1_28#DNA/Helitron                  4339  4446   (100) + Zm00001d018551_T001 Unspecified    550    648    (6)  30 *
  616   14.4  1.0  1.0  Hip1_28#DNA/Helitron                  4392  4489    (57) C Zm00001d051499_T001 Unspecified    (0)    459    362  31  
  828   14.1  0.8  0.0  Hip1_3#DNA/Helitron                    581   701   (263) C Zm00001d034499_T001 Unspecified   (19)    880    759  32 *
  961   12.6  0.0  0.0  Hip1_3#DNA/Helitron                    678   812   (152) C Zm00001d049917_T001 Unspecified   (92)    155     21  33  
  821   14.5  0.0  0.0  Hip1_5#DNA/Helitron                    587   703   (415) C Zm00001d034161_T015 Unspecified  (370)    119      3  34  
  771   18.2  0.0  0.0  Hip1_5#DNA/Helitron                    615   740   (378) + Zm00001d037052_T001 Unspecified    302    427   (53)  35 *
  738   13.1  1.9  0.0  Hip1_5#DNA/Helitron                    747   853   (265) C Zm00001d034499_T001 Unspecified   (31)    868    760  36 *
  978   11.9  0.0  0.0  Hip1_5#DNA/Helitron                    831   964   (154) C Zm00001d049917_T001 Unspecified   (92)    155     22  37  
  521    5.0  0.0  0.0  Hip1_5#DNA/Helitron                   1057  1116     (2) C Zm00001d036776_T001 Unspecified  (340)    713    654  38  
 1455   14.8  0.7  4.0  Hip2_2#DNA/Helitron                    202   482   (602) + Zm00001d025295_T001 Unspecified      1    272  (106)  39  
  607   20.9  0.0  0.8  Hip6_2#DNA/Helitron                     26   160   (259) + Zm00001d021754_T011 Unspecified      1    134  (282)  40  
 1390    0.0  0.0  0.0  RIL_nubo_AC212389_0#LINE/L1             29   187  (8578) + Zm00001d016846_T004 Unspecified   1092   1250    (0)  41  
  547    0.0  0.0  0.0  RIL_nubo_AC212389_0#LINE/L1            354   412  (8353) + Zm00001d016846_T003 Unspecified    503    561    (0)  42  
 1165   30.1  1.0  1.0  RIL_nubo_AC212389_0#LINE/L1           2012  2417  (6348) + Zm00001d027726_T003 Unspecified    729   1134  (711)  43  
 2495   20.7  0.4  0.4  RIL_nubo_AC212389_0#LINE/L1           2427  2931  (5834) + Zm00001d035992_T001 Unspecified   2446   2950   (38)  44  
 2267    1.5  0.0  0.4  RIL_odoif_AC210308_0#LINE/L1          2375  2639  (4491) + Zm00001d053545_T004 Unspecified    373    636    (0)  45  
 1220   31.8  1.1  4.3  RIL_oviev_AC204897_0#LINE/L1          1106  1798  (4636) + Zm00001d027726_T003 Unspecified    729   1400  (445)  46  
 1023   18.8  0.5  0.5  RIL_oviev_AC204897_0#LINE/L1          5909  6095   (339) + Zm00001d007174_T001 Unspecified    306    492    (0)  47  
 1112   31.5  1.3  1.3  RIL_yliij_AC206507_0#LINE/L1          1142  1611  (4853) + Zm00001d027726_T003 Unspecified    729   1198  (647)  48  
 1379    7.8  2.8  0.0  RIL_yliij_AC206507_0#LINE/L1          5959  6137   (327) + Zm00001d007174_T001 Unspecified    309    492    (0)  49  
  591    9.1  9.1  0.0  RST_AU_consensus_0#SINE/tRNA            77   175     (4) C Zm00001d003958_T009 Unspecified   (33)    157     50  50 *
  634    8.0  0.0  1.1  RST_AU_consensus_0#SINE/tRNA            91   179     (0) + Zm00001d038054_T004 Unspecified    377    464 (1387)  51  
  838    8.5 24.1  0.5  RST_ZmSINE1_consensus_0#SINE/tRNA        1   166     (0) C Zm00001d038361_T001 Unspecified  (585)    255     51  52  
 1220    3.5  0.7  0.0  RST_ZmSINE2.1_consensus_0#SINE/tRNA      1   145   (147) C Zm00001d020312_T001 Unspecified   (34)    578    433  53 *
 1504    8.6  0.8 12.6  RST_ZmSINE2.1_consensus_0#SINE/tRNA     27   292     (0) C Zm00001d017568_T013 Unspecified    (1)    523    286  54  
  847   10.0  0.8  0.0  RST_ZmSINE2.2_consensus_0#SINE/tRNA      1   120   (219) C Zm00001d020312_T001 Unspecified   (34)    578    458  55  
  701   10.6  0.0  0.0  RST_ZmSINE2.2_consensus_0#SINE/tRNA     46   139   (200) + Zm00001d023741_T016 Unspecified    395    488    (0)  56 *
  584   25.4  4.8  1.6  RST_ZmSINE2.2_consensus_0#SINE/tRNA    151   338     (1) C Zm00001d053776_T019 Unspecified    (0)    246     53  57  
  702    4.2  1.0  1.0  RST_ZmSINE2.3_consensus_0#SINE/tRNA      1    96   (207) + Zm00001d049975_T008 Unspecified    354    449    (0)  58 *
 1774    9.9  0.7  3.5  RST_ZmSINE2.3_consensus_0#SINE/tRNA     12   303     (0) C Zm00001d002615_T005 Unspecified    (7)    341     58  59  
 1130    5.1  0.0  0.0  RST_ZmSINE3_consensus_0#SINE/tRNA        2   139     (0) C Zm00001d045041_T034 Unspecified  (498)    295    158  60  
  695    5.8  0.0  0.0  ZM00008_consensus#DNA/DTC             4584  4669  (6231) C Zm00001d040046_T001 Unspecified  (587)     88      3  61  
  643   22.7  0.0  1.4  ZM00008_consensus#DNA/DTC            10758 10900     (0) + Zm00001d042258_T004 Unspecified    215    355   (53)  62  
  770   17.4  0.0  0.0  ZM00009_consensus#DNA/DTC            10535 10666     (0) + Zm00001d042258_T004 Unspecified    224    355   (53)  63  
  745   27.3  1.0  3.9  ZM00010_consensus#DNA/DTH             2658  2950  (2967) + Zm00001d007635_T005 Unspecified     39    323  (179)  64  
  794   16.7  0.0  0.0  ZM00011_consensus#DNA/DTC                1   132 (11034) C Zm00001d042258_T004 Unspecified   (53)    355    224  65  
 3174    3.5  0.0  0.0  ZM00011_consensus#DNA/DTH              691  1067  (3233) + Zm00001d017128_T005 Unspecified      1    377   (94)  66  
 3329    9.0  3.3  0.0  ZM00017_consensus#DNA/DTC             3718  4173  (7708) + Zm00001d013599_T005 Unspecified    199    669   (30)  67  
  914    4.3  0.9  0.0  ZM00017_consensus#DNA/DTC             4619  4733  (7148) + Zm00001d048535_T069 Unspecified   1237   1352 (1126)  68  
  664    3.4  1.1  0.0  ZM00017_consensus#DNA/DTC            11157 11245   (636) C Zm00001d052921_T002 Unspecified  (554)    205    116  69  
  517   32.4  3.0  1.7  ZM00017_consensus#DNA/DTH             2620  2914  (1577) + Zm00001d029515_T003 Unspecified     19    317   (85)  70  
  666    4.9  0.0  0.0  ZM00018_consensus#DNA/DTC             6269  6350  (5182) + Zm00001d040046_T001 Unspecified      3     84  (591)  71  
  645    6.1  0.0  0.0  ZM00018_consensus#DNA/DTC            10611 10692   (840) + Zm00001d040046_T001 Unspecified      3     84  (591)  72  
  991   25.1  5.1  3.8  ZM00018_consensus#DNA/DTH             3016  3409  (1466) + Zm00001d038821_T001 Unspecified    139    537    (9)  73  
  648    8.1  0.0  0.0  ZM00019_consensus#DNA/DTC             1043  1128  (6067) C Zm00001d040046_T001 Unspecified  (587)     88      3  74  
  739   16.3  0.0  2.8  ZM00019_consensus#DNA/DTC             7051  7195     (0) + Zm00001d042258_T004 Unspecified    215    355   (53)  75  
  807   12.7  0.5  5.5  ZM00020_consensus#DNA/DTH              402   610  (3433) + Zm00001d033473_T001 Unspecified     71    269  (565)  76  
 3539    1.3  0.0  0.0  ZM00020_consensus#DNA/DTH             1736  2127  (1916) + Zm00001d036443_T001 Unspecified      1    392    (1)  77  
  746   18.2  0.0  0.0  ZM00023_consensus#DNA/DTC             9917 10048     (0) + Zm00001d042258_T004 Unspecified    224    355   (53)  78  
  523   23.1  1.3  4.0  ZM00023_consensus#DNA/DTH             3301  3453   (533) C Zm00001d017128_T005 Unspecified  (277)    194     46  79  
  770   17.4  0.0  0.0  ZM00024_consensus#DNA/DTC            11313 11444     (0) + Zm00001d042258_T004 Unspecified    224    355   (53)  80  
  703   12.6  4.2  0.0  ZM00027_consensus#DNA/DTA                1   119  (4598) + Zm00001d048726_T001 Unspecified    552    675    (0)  81  
  711    5.3  3.7  2.9  ZM00027_consensus#DNA/DTA              504   638  (4079) C Zm00001d020413_T001 Unspecified    (0)    765    630  82  
  746   18.2  0.0  0.0  ZM00029_consensus#DNA/DTC                1   132 (10388) C Zm00001d042258_T004 Unspecified   (53)    355    224  83  
 1346   11.5  0.4 13.7  ZM00031_consensus#DNA/DTH              668   940  (3519) C Zm00001d048494_T011 Unspecified  (228)    424    184  84  
  770   17.4  0.0  0.0  ZM00032_consensus#DNA/DTC            10882 11013     (0) + Zm00001d042258_T004 Unspecified    224    355   (53)  85  
  770   17.4  0.0  0.0  ZM00033_consensus#DNA/DTC                1   132 (10027) C Zm00001d042258_T004 Unspecified   (53)    355    224  86  
  865   27.7  1.1  1.1  ZM00033_consensus#DNA/DTH             2657  2941  (2966) + Zm00001d007635_T005 Unspecified     39    323  (179)  87  
  715    4.8  0.0  0.0  ZM00034_consensus#DNA/DTC             2242  2324  (5237) + Zm00001d043502_T003 Unspecified    583    665  (336)  88  
  778    1.2  0.0  0.0  ZM00034_consensus#DNA/DTC             2409  2494  (5067) + Zm00001d043502_T003 Unspecified    659    744  (257)  89  
  580   19.0  3.8  3.2  ZM00034_consensus#DNA/DTH              144   328  (5732) + Zm00001d042347_T016 Unspecified      1    186   (99)  90  
  821   28.6  1.1  1.1  ZM00034_consensus#DNA/DTH             2768  3046  (3014) + Zm00001d007635_T005 Unspecified     45    323  (179)  91  
  765    2.0 17.6  0.0  ZM00035_consensus#DNA/DTA              757   858  (2791) + Zm00001d040535_T001 Unspecified    218    337   (50)  92  
  587   32.2  1.4  1.8  ZM00035_consensus#DNA/DTA             1394  1668  (1981) + Zm00001d008314_T004 Unspecified    394    667    (8)  93  
 2063    2.8  0.4  0.0  ZM00035_consensus#DNA/DTA             3147  3393   (256) + Zm00001d014112_T015 Unspecified     31    278    (0)  94  
  634   17.2  8.2  0.0  ZM00035_consensus#DNA/DTC            10290 10411     (0) + Zm00001d042258_T004 Unspecified    224    355   (53)  95  
 1581   21.0  0.3  0.3  ZM00035_consensus#DNA/DTH             2579  2927  (3352) + Zm00001d007635_T003 Unspecified    158    506    (0)  96  
 1784   20.2  0.0 18.2  ZM00035_consensus#DNA/DTH             2928  3472  (2807) + Zm00001d007635_T005 Unspecified      3    463   (39)  97  
  794   16.7  0.0  0.0  ZM00037_consensus#DNA/DTC             7918  8049     (0) + Zm00001d042258_T004 Unspecified    224    355   (53)  98  
  792   17.7  0.0  1.4  ZM00040_consensus#DNA/DTC             4961  5103     (0) + Zm00001d042258_T004 Unspecified    215    355   (53)  99  
  604    6.8  0.0  0.0  ZM00041_consensus#DNA/DTC             6699  6771  (3396) C Zm00001d025519_T001 Unspecified  (177)    345    273 100  
  588   24.1  0.0  0.0  ZM00042_consensus#DNA/DTC                1   133 (11662) C Zm00001d042258_T004 Unspecified   (53)    355    223 101  
  677    8.1  0.0  0.0  ZM00042_consensus#DNA/DTC             6257  6342  (5453) + Zm00001d040046_T001 Unspecified      3     88  (587) 102  
  686    7.0  0.0  0.0  ZM00042_consensus#DNA/DTC            10614 10699  (1096) + Zm00001d040046_T001 Unspecified      3     88  (587) 103  
 1016   21.5  4.7  0.8  ZM00043_consensus#DNA/DTC              176   410  (5423) + Zm00001d017384_T014 Unspecified    424    667  (515) 104  
  695    5.8  0.0  0.0  ZM00043_consensus#DNA/DTC             5247  5332   (501) C Zm00001d040046_T001 Unspecified  (587)     88      3 105  
  757   17.4  0.0  0.0  ZM00046_consensus#DNA/DTC                1   132  (8342) C Zm00001d042258_T004 Unspecified   (53)    355    224 106  
  672    7.0  0.0  0.0  ZM00046_consensus#DNA/DTC             7348  7433  (1041) + Zm00001d040046_T001 Unspecified      3     88  (587) 107  
  839   15.0  0.0  0.0  ZM00049_consensus#DNA/DTC                1   133 (10547) C Zm00001d042258_T004 Unspecified   (53)    355    223 108  
  736   19.3  4.2  0.0  ZM00049_consensus#MITE/DTH             212   377     (0) C Zm00001d017609_T010 Unspecified   (60)    240     68 109  
  805   17.0  0.0  1.4  ZM00050_consensus#DNA/DTC            10980 11122     (0) + Zm00001d042258_T004 Unspecified    215    355   (53) 110  
  599   18.1  0.0  1.9  ZM00051_consensus#DNA/DTC             2509  2615  (8978) C Zm00001d014726_T008 Unspecified   (95)    155     51 111  
  641    8.5  0.0  0.0  ZM00052_consensus#DNA/DTC             4925  5006  (6593) C Zm00001d040046_T001 Unspecified  (587)     88      7 112  
  837   22.6  3.7  4.7  ZM00052_consensus#DNA/DTC             6439  6652  (4947) + Zm00001d047403_T002 Unspecified    768    979    (2) 113  
  592   25.5  0.0  1.4  ZM00052_consensus#DNA/DTC            11457 11599     (0) + Zm00001d042258_T004 Unspecified    215    355   (53) 114  
 2026   13.2 13.5  0.0  ZM00053_consensus#DNA/DTC             4298  4653  (4424) + Zm00001d017112_T001 Unspecified   1054   1457    (0) 115  
  794   16.7  0.0  0.0  ZM00054_consensus#DNA/DTC            11095 11226     (0) + Zm00001d042258_T004 Unspecified    224    355   (53) 116  
  753   17.4  0.0  0.0  ZM00055_consensus#DNA/DTC                1   132  (8737) C Zm00001d042258_T004 Unspecified   (53)    355    224 117  
  743   18.2  0.0  0.0  ZM00058_consensus#DNA/DTC            10396 10527     (0) + Zm00001d042258_T004 Unspecified    224    355   (53) 118  
  519    7.8  0.0  0.0  ZM00061_consensus#DNA/DTC             7685  7748  (2159) C Zm00001d006217_T001 Unspecified  (767)    502    439 119  
  529    1.4  0.0  4.3  ZM00061_consensus#MITE/DTA             445   517    (68) C Zm00001d002067_T001 Unspecified    (0)    531    462 120  
 1208    9.5  5.2 22.8  ZM00063_consensus#DNA/DTC             3671  3942 (11552) C Zm00001d051929_T003 Unspecified  (125)    244     12 121  
  940    6.1  0.0  0.0  ZM00063_consensus#DNA/DTC             5558  5672  (9822) C Zm00001d048373_T002 Unspecified (1104)    439    325 122  
  696   21.3  0.0  1.4  ZM00064_consensus#DNA/DTC                1   143  (6580) C Zm00001d042258_T004 Unspecified   (53)    355    215 123  
  686    7.0  0.0  0.0  ZM00065_consensus#DNA/DTC              862   947 (10540) C Zm00001d040046_T001 Unspecified  (587)     88      3 124  
  616   23.3  0.0  0.0  ZM00065_consensus#DNA/DTC            11355 11487     (0) + Zm00001d042258_T004 Unspecified    223    355   (53) 125  
  830   15.9  0.0  0.0  ZM00066_consensus#DNA/DTC                1   132 (11793) C Zm00001d042258_T004 Unspecified   (53)    355    224 126  
 1187   10.9  2.2  0.0  ZM00066_consensus#DNA/DTC             4204  4387  (7538) + Zm00001d017112_T001 Unspecified   1266   1453    (4) 127  
 1149   14.8  1.6  0.0  ZM00066_consensus#DNA/DTC             4498  4686  (7239) C Zm00001d017112_T001 Unspecified    (0)   1457   1266 128  
  662    8.1  0.0  0.0  ZM00066_consensus#DNA/DTC             6704  6789  (5136) + Zm00001d040046_T001 Unspecified      3     88  (587) 129  
  672    7.0  0.0  0.0  ZM00066_consensus#DNA/DTC            10743 10828  (1097) + Zm00001d040046_T001 Unspecified      3     88  (587) 130  
  660   22.7  0.0  1.4  ZM00067_consensus#DNA/DTC                1   143 (10289) C Zm00001d042258_T004 Unspecified   (53)    355    215 131  
  594    9.0  0.0  0.0  ZM00068_consensus#DNA/DTC             5818  5895  (4036) C Zm00001d047078_T001 Unspecified  (220)     98     21 132  
  929    7.5  1.7  0.0  ZM00068_consensus#DNA/DTC             6375  6494  (3437) C Zm00001d025519_T001 Unspecified  (177)    345    224 133  
 1091    9.5  8.8  2.1  ZM00069_consensus#DNA/DTC             9600  9781   (583) + Zm00001d038300_T001 Unspecified    131    324  (120) 134  
  770   17.4  0.0  0.0  ZM00072_consensus#DNA/DTC            11757 11888     (0) + Zm00001d042258_T004 Unspecified    224    355   (53) 135  
  733   18.9  0.0  0.0  ZM00074_consensus#DNA/DTC                1   132 (10498) C Zm00001d042258_T004 Unspecified   (53)    355    224 136  
  720   17.4  1.4  2.1  ZM00075_consensus#DNA/DTC            11089 11229     (0) + Zm00001d042258_T004 Unspecified    216    355   (53) 137  
  862   23.4  5.6 12.8  ZM00079_consensus#DNA/DTA              190   581   (355) C Zm00001d021752_T001 Unspecified  (704)    406     40 138  
  627   18.6  2.3  0.0  ZM00079_consensus#DNA/DTC                1   129 (10597) C Zm00001d042258_T004 Unspecified   (53)    355    224 139  
 2104    1.4  5.9  0.0  ZM00080_consensus#DNA/DTA              348   636   (319) C Zm00001d010075_T001 Unspecified  (332)   1246    941 140  
  856    4.6  0.0  0.0  ZM00082_consensus#DNA/DTC             5415  5523  (5569) C Zm00001d010667_T002 Unspecified  (222)    456    348 141  
 2372   21.4  1.9  1.8  ZM00083_consensus#DNA/DTC             5363  5875  (5016) C Zm00001d017718_T003 Unspecified  (105)   1741   1228 142  
  654   18.9  1.5  0.0  ZM00084_consensus#MITE/DTH               1   132   (260) + Zm00001d017609_T010 Unspecified     68    201   (99) 143  
  594   23.4  0.0  2.1  ZM00086_consensus#DNA/DTC                1   144 (11035) C Zm00001d042258_T004 Unspecified   (53)    355    215 144  
  651    7.3  0.0  0.0  ZM00086_consensus#DNA/DTC             6375  6456  (4723) + Zm00001d040046_T001 Unspecified      7     88  (587) 145  
  745   18.2  0.0  0.0  ZM00087_consensus#DNA/DTC                1   132 (10952) C Zm00001d042258_T004 Unspecified   (53)    355    224 146  
  552   25.0  0.0  0.0  ZM00090_consensus#DNA/DTC                1   132 (11179) C Zm00001d042258_T004 Unspecified   (53)    355    224 147  
  695    5.8  0.0  0.0  ZM00090_consensus#DNA/DTC             6385  6470  (4841) + Zm00001d040046_T001 Unspecified      3     88  (587) 148  
  567   15.4  1.1  0.0  ZM00096_consensus#DNA/DTA              530   620   (436) + Zm00001d012857_T005 Unspecified    231    322   (20) 149  
  722   18.9  0.0  0.0  ZM00096_consensus#DNA/DTC                1   132 (10499) C Zm00001d042258_T004 Unspecified   (53)    355    224 150  
  686    7.0  0.0  0.0  ZM00097_consensus#DNA/DTC             4883  4968  (6980) C Zm00001d040046_T001 Unspecified  (587)     88      3 151  
  589   24.8  0.0  1.4  ZM00097_consensus#DNA/DTC            11806 11948     (0) + Zm00001d042258_T004 Unspecified    215    355   (53) 152  
  672    7.0  0.0  0.0  ZM00098_consensus#DNA/DTC             1044  1129  (9472) C Zm00001d040046_T001 Unspecified  (587)     88      3 153  
  757   17.4  0.0  0.0  ZM00098_consensus#DNA/DTC            10470 10601     (0) + Zm00001d042258_T004 Unspecified    224    355   (53) 154  
  601    8.0  0.0  1.1  ZM00098_consensus#MITE/DTH             228   315     (0) + Zm00001d008865_T002 Unspecified   1979   2065    (3) 155  
  695    5.8  0.0  0.0  ZM00099_consensus#DNA/DTC              916  1001  (9600) C Zm00001d040046_T001 Unspecified  (587)     88      3 156  
  695    5.8  0.0  0.0  ZM00099_consensus#DNA/DTC             5244  5329  (5272) C Zm00001d040046_T001 Unspecified  (587)     88      3 157  
  583   24.1  0.0  0.0  ZM00099_consensus#DNA/DTC            10469 10601     (0) + Zm00001d042258_T004 Unspecified    223    355   (53) 158  
  639   28.8  0.0  1.0  ZM00101_consensus#DNA/DTA              200   406   (456) C Zm00001d048942_T001 Unspecified    (1)    335    131 159  
  686   22.0  0.0  1.4  ZM00104_consensus#DNA/DTC                1   143 (10717) C Zm00001d042258_T004 Unspecified   (53)    355    215 160  
  526   24.4  6.4  4.0  ZM00106_consensus#DNA/DTC              719   889  (2504) + Zm00001d039706_T001 Unspecified     66    240    (0) 161 *
  756   13.9  0.0  0.0  ZM00106_consensus#DNA/DTC              887  1008  (2385) + Zm00001d008690_T001 Unspecified     11    132  (600) 162  
  858   10.3  0.8  0.0  ZM00106_consensus#DNA/DTC             1734  1850  (1543) + Zm00001d031970_T001 Unspecified    161    278  (394) 163  
  718    0.0  0.0  0.0  ZM00107_consensus#DNA/DTC              733   810  (4885) C Zm00001d037448_T014 Unspecified    (0)    179    102 164  
  669   26.8  2.2  0.6  ZM00107_consensus#DNA/DTC              786   965  (4730) C Zm00001d030148_T001 Unspecified  (836)    253     71 165 *
 1141    1.6  0.0  0.0  ZM00107_consensus#DNA/DTC              811   935  (4760) C Zm00001d000066_T001 Unspecified    (0)    127      3 166 *
 1337    3.2  0.7  0.0  ZM00107_consensus#DNA/DTC              863  1017  (4678) C Zm00001d048487_T001 Unspecified    (0)    294    139 167  
  922    5.3  0.0  1.8  ZM00107_consensus#DNA/DTC              919  1034  (4661) C Zm00001d037448_T014 Unspecified   (65)    114      1 168 *
  678    3.7  0.0  0.0  ZM00107_consensus#DNA/DTC             2300  2380  (3315) C Zm00001d009477_T001 Unspecified    (2)     81      1 169  
  755    9.2  0.0  0.0  ZM00107_consensus#DNA/DTC             2710  2807  (2888) C Zm00001d030031_T007 Unspecified    (0)     98      1 170  
 1196    2.1  0.0  0.7  ZM00107_consensus#DNA/DTC             3063  3205  (2490) C Zm00001d040852_T001 Unspecified   (72)    143      2 171  
 1055    4.0  0.0  0.0  ZM00107_consensus#DNA/DTC             3157  3281  (2414) C Zm00001d016011_T001 Unspecified    (2)    156     32 172 *
  729    1.2  0.0  0.0  ZM00107_consensus#DNA/DTC             5537  5617    (78) C Zm00001d003619_T001 Unspecified   (49)   1115   1035 173  
 1547    5.0  0.0 51.0  ZM00108_consensus#DNA/DTC              665  1114  (5724) C Zm00001d046048_T001 Unspecified    (0)    532    235 174 *
 2285    4.0  2.8 48.4  ZM00108_consensus#DNA/DTC              857  1533  (5305) C Zm00001d049254_T001 Unspecified    (0)    469      1 175  
 1717    5.1  0.0 30.9  ZM00108_consensus#DNA/DTC             1605  1947  (4891) C Zm00001d006160_T002 Unspecified    (2)    262      1 176 *
 1768    1.0  0.0  0.0  ZM00108_consensus#DNA/DTC             1765  1956  (4882) C Zm00001d035226_T001 Unspecified  (411)    468    277 177  
  595   16.4  0.7 10.0  ZM00108_consensus#DNA/DTC             2042  2183  (4655) C Zm00001d047143_T001 Unspecified  (205)    408    279 178 *
  683    0.0  0.0  0.0  ZM00108_consensus#DNA/DTC             2042  2113  (4725) C Zm00001d050438_T001 Unspecified  (531)    252    181 179  
  812    9.6  2.6  0.0  ZM00108_consensus#DNA/DTC             2759  2873  (3965) C Zm00001d047395_T002 Unspecified  (409)    120      3 180  
  591    4.3  0.0  0.0  ZM00108_consensus#DNA/DTC             3676  3745  (3093) C Zm00001d049676_T005 Unspecified    (1)    151     82 181  
 1478    5.7  0.0  0.0  ZM00108_consensus#DNA/DTC             4033  4208  (2630) C Zm00001d035226_T001 Unspecified  (677)    202     27 182  
 1275   12.8  0.0  0.0  ZM00108_consensus#DNA/DTC             5001  5179  (1659) C Zm00001d015376_T002 Unspecified  (354)    855    677 183 *
 1379    3.2  0.0  0.0  ZM00108_consensus#DNA/DTC             5006  5162  (1676) C Zm00001d024138_T001 Unspecified  (511)    174     18 184  
  906    0.0  1.0  0.0  ZM00109_consensus#DNA/DTC              808   908   (145) C Zm00001d041786_T007 Unspecified    (0)    196     95 185  
 2559    2.4  3.0 14.7  ZM00111_consensus#DNA/DTC                1   395   (423) C Zm00001d042258_T004 Unspecified   (53)    355      1 186  
  596   10.0  3.8  5.8  ZM00112_consensus#MITE/DTC             157   262   (165) + Zm00001d042258_T004 Unspecified    174    277  (131) 187  
 1183    5.0  0.0  0.7  ZM00112_consensus#MITE/DTC             286   427     (0) + Zm00001d042258_T004 Unspecified    215    355   (53) 188  
 2059    6.1  1.6 25.6  ZM00114_consensus#DNA/DTC              424   862     (0) + Zm00001d042258_T004 Unspecified      1    355   (53) 189  
 1918    6.8  6.6 17.8  ZM00117_consensus#DNA/DTC                3   394   (497) C Zm00001d042258_T004 Unspecified   (53)    355      1 190  
 1244   21.0  5.5  7.6  ZM00120_consensus#DNA/DTC                1   361   (508) C Zm00001d042258_T004 Unspecified   (53)    355      2 191  
 2809    2.1  4.6  3.4  ZM00121_consensus#DNA/DTC              424   774     (0) + Zm00001d042258_T004 Unspecified      1    355   (53) 192  
 2235    7.7  0.2 20.3  ZM00123_consensus#DNA/DTC                1   425   (556) C Zm00001d042258_T004 Unspecified   (53)    355      2 193  
 2743    1.2  2.9 10.1  ZM00124_consensus#DNA/DTC              453   832     (0) + Zm00001d042258_T004 Unspecified      1    355   (53) 194  
  660   22.1  3.0  3.6  ZM00124_consensus#MITE/DTH              62   258     (0) + Zm00001d032202_T001 Unspecified    393    588    (3) 195  
  703   22.4  1.4  1.9  ZM00129_consensus#MITE/DTA             270   478     (0) + Zm00001d053099_T006 Unspecified    398    605   (13) 196  
  632    0.0  0.0  0.0  ZM00131_consensus#MITE/DTH               1    69    (70) + Zm00001d002842_T003 Unspecified    124    192    (0) 197  
  702    0.0  0.0  0.0  ZM00133_consensus#DNA/DTA              166   242   (429) C Zm00001d021269_T001 Unspecified (1050)    297    221 198  
  756   17.4  0.0  0.0  ZM00135_consensus#MITE/DTH               1   138   (261) + Zm00001d017609_T010 Unspecified     68    205   (95) 199  
  694   13.4  4.2  0.0  ZM00138_consensus#DNA/DTA                1   119  (1054) + Zm00001d048726_T001 Unspecified    552    675    (0) 200  
 1361   12.1  0.0  0.0  ZM00138_consensus#DNA/DTA              537   735   (438) + Zm00001d042811_T001 Unspecified   1179   1377   (30) 201  
 1607   10.0  1.9  0.4  ZM00148_consensus#DNA/DTA              265   526   (467) C Zm00001d009260_T001 Unspecified    (2)    374    109 202  
  683   17.9  2.6  0.7  ZM00159_consensus#MITE/DTH             239   390     (0) C Zm00001d017609_T010 Unspecified   (78)    222     68 203  
  662   21.9  0.0  0.0  ZM00199_consensus#MITE/DTH             243   388     (0) C Zm00001d017609_T010 Unspecified   (87)    213     68 204  
  546    6.5  0.0  9.0  ZM00204_consensus#MITE/DTA               1    85    (38) C Zm00001d022357_T007 Unspecified  (336)    105     28 205  
  581    5.9  5.6  5.6  ZM00225_consensus#DNA/DTA              269   376   (417) C Zm00001d044573_T014 Unspecified    (0)    177     70 206  
  760    7.3 10.4 23.2  ZM00232_consensus#DNA/DTA              238   487   (295) + Zm00001d005489_T014 Unspecified     20    243    (0) 207  
  554   23.7  5.3  0.0  ZM00240_consensus#DNA/DTH                1   169   (600) + Zm00001d017609_T010 Unspecified     68    245   (55) 208  
 1214    2.9  0.6  3.4  ZM00241_consensus#DNA/DTA              271   450   (441) C Zm00001d044573_T014 Unspecified    (0)    177      3 209  
  628    2.8  0.0  0.0  ZM00241_consensus#MITE/DTH             156   227   (157) + Zm00001d012653_T003 Unspecified    627    698    (0) 210  
  525   14.7  0.0  0.0  ZM00255_consensus#DNA/DTA              258   332   (544) + Zm00001d033544_T001 Unspecified    303    377    (7) 211  
  609   13.5  1.1  0.0  ZM00255_consensus#DNA/DTA              451   539   (337) C Zm00001d013536_T001 Unspecified  (149)    589    500 212  
  592    4.0  0.0  6.6  ZM00268_consensus#MITE/DTA              74   154     (0) + Zm00001d022357_T007 Unspecified     30    105  (336) 213  
  553   11.9  0.0  0.0  ZM00279_consensus#MITE/DTA             207   290   (175) C Zm00001d030299_T002 Unspecified  (321)     90      7 214  
  792   16.4  1.2  1.9  ZM00285_consensus#MITE/DTH               1   162   (216) + Zm00001d017609_T010 Unspecified     68    228   (72) 215  
  746   19.1  0.0  0.0  ZM00288_consensus#MITE/DTH             228   374     (0) C Zm00001d017609_T010 Unspecified   (86)    214     68 216  
  513   12.9  4.5 12.2  ZM00306_consensus#DNA/DTA              375   506   (367) C Zm00001d024478_T001 Unspecified  (512)    605    483 217 *
  669    4.9  0.0  0.0  ZM00306_consensus#DNA/DTA              432   513   (360) C Zm00001d024477_T001 Unspecified (1038)    528    447 218  
  618   19.9  0.6 10.8  ZM00326_consensus#MITE/DTA               1   163   (398) + Zm00001d007038_T004 Unspecified     48    195   (12) 219  
  724    2.3  0.0  0.0  ZM00327_consensus#DNA/DTA              184   271   (542) + Zm00001d021770_T055 Unspecified      1     88    (0) 220 *
 3018    1.2  0.5  0.5  ZM00327_consensus#DNA/DTA              270   674   (139) + Zm00001d021770_T075 Unspecified      1    405    (0) 221  
  537   10.8  0.0  0.0  ZM00336_consensus#DNA/DTA              167   249   (688) + Zm00001d030299_T002 Unspecified      7     89  (322) 222  
  525    1.6  0.0  0.0  ZM00336_consensus#DNA/DTA              472   535   (402) C Zm00001d010425_T002 Unspecified  (165)     64      1 223  
 1258    2.4  0.0  2.4  ZM00351_consensus#DNA/DTA              395   562   (246) + Zm00001d047256_T001 Unspecified      1    164 (1408) 224  
  545   12.1  0.0  0.0  ZM00369_consensus#DNA/DTA              516   598   (175) C Zm00001d030299_T002 Unspecified  (322)     89      7 225  
  791    1.1  0.0  0.0  ZM00376_consensus#DNA/DTA              458   552    (76) C Zm00001d002067_T001 Unspecified    (0)    531    437 226  
  645   22.1  4.1  0.0  ZM00391_consensus#MITE/DTH             167   338     (0) C Zm00001d017609_T010 Unspecified   (54)    246     68 227  
  806   19.7  2.5  7.4  ZM00433_consensus#MITE/DTH             159   399     (0) C Zm00001d017609_T010 Unspecified    (3)    297     68 228  
  678    3.9  0.0  0.0  ZM00434_consensus#MITE/DTH             140   217    (49) C Zm00001d047078_T001 Unspecified  (220)     98     21 229  
  864    9.2  0.0  0.0  Zm00851_AC186342_1#DNA/DTM             827   946  (4318) + Zm00001d042551_T006 Unspecified    332    451  (176) 230  
 3079    0.6  0.0  0.6  Zm00851_AC186342_1#DNA/DTM            3286  3624  (1640) + GRMZM5G889299_T01   Unspecified   1679   2015  (207) 231  
  545    4.2  0.0  0.0  Zm02656_AC189800_1#DNA/DTM            3971  4041   (457) C Zm00001d017640_T003 Unspecified  (272)     71      1 232  
 2502    7.9  1.4  0.8  Zm03556_AC177900_1#DNA/DTM            1019  1377   (496) C Zm00001d001865_T001 Unspecified  (110)    361      1 233  
  680    3.7  0.0  0.0  Zm07209_AC211743_1#DNA/DTM             951  1032  (1265) C Zm00001d048839_T002 Unspecified    (0)     89      8 234  
  696    1.2  3.6  0.0  Zm07209_AC211743_1#DNA/DTM            1040  1123  (1174) C Zm00001d023724_T018 Unspecified    (0)     87      1 235  
  547    4.5  0.0  0.0  Zm10339_AC191267_1#DNA/DTM             332   398  (3749) C Zm00001d045493_T003 Unspecified    (2)    124     58 236  
 1352    1.4  0.0  0.0  Zm10339_AC191267_1#DNA/DTM            1982  2129  (2018) + Zm00001d032428_T006 Unspecified    231    378  (207) 237  
 1058    4.0  0.0  0.0  Zm10339_AC191267_1#DNA/DTM            3524  3648   (499) + Zm00001d045493_T002 Unspecified    261    385    (0) 238  
  677    2.6  0.0  0.0  Zm10339_AC191267_1#DNA/DTM            3739  3816   (331) + Zm00001d045493_T003 Unspecified     47    124    (2) 239  
  563   12.0  0.0  8.3  Zm10582IC_AC215679_1#DNA/DTM           468   585  (1770) + Zm00001d011880_T002 Unspecified     66    174   (55) 240  
  676    4.4  5.2  2.5  Zm13585_AC195825_1#DNA/DTM            3895  4010   (190) C Zm00001d003422_T001 Unspecified (1257)    120      2 241  
  676    8.7  0.0  2.2  Zm17242_AC197682_1#DNA/DTM            3810  3903  (1902) + Zm00001d045574_T009 Unspecified     66    157  (335) 242  
  653    6.5  0.0 10.6  Zm17242_AC197682_1#DNA/DTM            4990  5093   (712) + Zm00001d038271_T003 Unspecified    155    248  (874) 243  
 1135   25.2  0.6 15.9  Zm22051IC_AC201818_1#DNA/DTM          3018  3654  (1273) C Zm00001d016152_T002 Unspecified    (0)   1740   1188 244  
  688    0.0  0.0  0.0  Zm27731_AC205570_1#DNA/DTM             353   428  (3645) C Zm00001d025915_T004 Unspecified  (122)     76      1 245  
  557    1.6  0.0  0.0  Zm27731_AC205570_1#DNA/DTM             428   489  (3584) C Zm00001d025915_T007 Unspecified    (0)     85     24 246 *
  670   10.8  4.8  3.2  Zm33209_AC185668_1#DNA/DTM            2090  2213   (580) + Zm00001d039732_T001 Unspecified    496    621    (0) 247  
  869    2.9  0.0  0.0  alaw_AC197914_166#LTR/unknown          129   230  (1629) + Zm00001d034372_T002 Unspecified    935   1036  (791) 248  
  589   20.3  1.6  1.6  alaw_AC197914_166#LTR/unknown          132   256  (1603) + Zm00001d040996_T002 Unspecified    806    930  (762) 249 *
 1364    3.1  0.0  0.0  alaw_AC197914_166#LTR/unknown          352   511  (1348) + Zm00001d034372_T002 Unspecified   1031   1190  (637) 250  
 1057    3.9  0.8  0.8  alaw_AC197914_166#LTR/unknown          602   732  (1127) + Zm00001d034372_T002 Unspecified   1184   1314  (513) 251  
 1374    2.5  0.0  0.0  alaw_AC197914_166#LTR/unknown         1067  1226   (633) + Zm00001d034372_T002 Unspecified   1031   1190  (637) 252  
 1098    3.1  0.0  0.8  alaw_AC197914_166#LTR/unknown         1316  1446   (413) + Zm00001d034372_T002 Unspecified   1184   1313  (514) 253  
 2351   31.9  2.1  0.9  arar_AC208428_9858#LTR/unknown         246  1010  (3131) C Zm00001d053867_T001 Unspecified (2178)   1089    316 254  
 1098    4.6  0.0 12.3  arar_AC208428_9858#LTR/unknown        1028  1201  (2940) + Zm00001d005090_T164 Unspecified   1239   1393  (553) 255  
  552    7.1  0.0  0.0  arar_AC208428_9858#LTR/unknown        1659  1728  (2413) + Zm00001d052308_T009 Unspecified      6     75   (43) 256  
  716    0.0  0.0 84.0  arar_AC208428_9858#LTR/unknown        1736  2057  (2084) + Zm00001d044614_T026 Unspecified      1    175    (0) 257  
 1019    1.8  0.0  0.0  arar_AC208428_9858#LTR/unknown        2213  2325  (1816) + Zm00001d044614_T191 Unspecified     32    144  (150) 258  
 2513   31.2  1.6  0.8  arar_AC208428_9858#LTR/unknown        2595  3362   (779) C Zm00001d053867_T001 Unspecified (2178)   1089    316 259  
 1116    3.9  0.0 12.3  arar_AC208428_9858#LTR/unknown        3380  3553   (588) + Zm00001d005090_T164 Unspecified   1239   1393  (553) 260  
  574    5.7  0.0  0.0  arar_AC208428_9858#LTR/unknown        4010  4079    (62) + Zm00001d052308_T009 Unspecified      6     75   (43) 261  
 1070   17.6  0.0  0.0  bawigu_AC208532_9902#LTR/Gypsy        1361  1542  (1783) + Zm00001d010852_T004 Unspecified    153    334 (1107) 262  
  809   22.5  0.0  0.0  bawigu_AC208532_9902#LTR/Gypsy        1528  1696  (1629) + Zm00001d005794_T013 Unspecified    161    329    (2) 263 *
 4417    7.5  0.0  0.0  bawigu_AC208532_9902#LTR/Gypsy        1688  2237  (1088) + Zm00001d032096_T010 Unspecified      1    550  (500) 264  
  584   14.9  0.0  4.0  beby_AC214433_12667#LTR/Gypsy         1515  1619  (1460) + Zm00001d034569_T001 Unspecified    896    996  (414) 265  
  636    5.6  0.0  0.0  bosohe_AC205838_9025#LTR/Gypsy           1    90  (5106) + Zm00001d050551_T007 Unspecified     69    158  (273) 266  
  636    5.6  0.0  0.0  bosohe_AC205838_9025#LTR/Gypsy        4755  4844   (352) + Zm00001d050551_T007 Unspecified     69    158  (273) 267  
 6446    3.2  0.8  0.0  bosohe_AC206838_9357#LTR/Gypsy        1131  1883   (915) + Zm00001d008614_T004 Unspecified    193    951  (496) 268  
 1286    2.1  0.0  0.0  bosohe_AC206838_9357#LTR/Gypsy        1880  2022   (776) + Zm00001d008614_T008 Unspecified      2    144    (0) 269 *
  660    4.8  0.0  1.2  bosohe_AC206838_9357#LTR/Gypsy        2011  2095   (703) + Zm00001d008614_T003 Unspecified   1025   1108  (284) 270 *
 1225    1.4  0.0  0.7  bosohe_AC206838_9357#LTR/Gypsy        2020  2163   (635) + Zm00001d008614_T002 Unspecified      1    143    (0) 271 *
 1326    3.3 15.4  0.0  bosohe_AC206838_9357#LTR/Gypsy        2080  2261   (537) + Zm00001d008614_T007 Unspecified    201    410    (0) 272  
  661    1.4  0.0  0.0  bosohe_AC206838_9357#LTR/Gypsy        2216  2287   (511) + Zm00001d008614_T004 Unspecified    950   1021  (426) 273 *
  550    4.5  0.0  0.0  bote_AC211535_11252#LTR/Gypsy         2429  2495   (533) + Zm00001d003277_T003 Unspecified     52    118  (893) 274 *
  798   24.4  0.6  0.6  bote_AC211535_11252#LTR/Gypsy         2482  2658   (370) + Zm00001d017876_T016 Unspecified      5    181  (108) 275  
  664   17.8  0.0  0.0  bs1_AC185605_1189#LTR/unknown         1705  1811  (1465) + Zm00001d006479_T003 Unspecified    476    582  (840) 276  
 1166    6.8  0.0  0.0  bs1_AC185605_1189#LTR/unknown         2550  2695   (581) + Zm00001d025626_T004 Unspecified    469    614  (426) 277  
 1023   18.9  0.0  0.0  bs1_AC208724_10016#LTR/unknown         595   779  (1554) + Zm00001d041536_T001 Unspecified    388    572   (93) 278  
  598   20.9  0.0  0.9  bs1_AC208724_10016#LTR/unknown        1539  1654   (679) + Zm00001d006479_T003 Unspecified    467    581  (841) 279  
 1035    9.9  0.0  5.2  bumy_AC216354_13379#LTR/unknown       1012  1192  (5237) + Zm00001d007774_T001 Unspecified    470    641 (1006) 280  
 1322   24.9  0.8  3.5  bumy_AC216354_13379#LTR/unknown       5625  5981   (448) + Zm00001d028630_T001 Unspecified    182    529  (561) 281  
  649   34.5  1.4  0.6  chr2_D_48986571#LTR/Copia             9219  9576  (3352) + Zm00001d006881_T011 Unspecified    479    839  (668) 282  
  767   33.4  1.4  0.6  chr4_D_46804832#LTR/Copia             9015  9372  (3362) + Zm00001d006881_T011 Unspecified    479    839  (668) 283  
  597   12.0  1.1  1.1  chr4_P_103002213#LTR/Copia            8646  8738  (4222) C Zm00001d019699_T004 Unspecified    (1)    128     36 284  
  943    8.0  0.8  0.8  chr4_P_103002213#LTR/Copia            9231  9356  (3604) C Zm00001d034057_T001 Unspecified    (0)    129      4 285  
  714   34.0  1.4  0.6  chr4_P_246400268#LTR/Copia            8697  9054  (3254) + Zm00001d006881_T011 Unspecified    479    839  (668) 286  
  663   14.5 11.1  2.7  chr6_D_62813001#LTR/Copia             7356  7490  (4754) + Zm00001d038147_T001 Unspecified    100    245  (550) 287  
  588   13.5  0.0  1.0  chr6_D_62813001#LTR/Copia             7871  7967  (4277) + Zm00001d036006_T002 Unspecified      1     96  (162) 288  
  739    8.2  1.0  0.0  chr6_D_62813001#LTR/Copia             8372  8469  (3775) + Zm00001d037142_T017 Unspecified      1     99  (316) 289  
  526   10.7  0.0  1.3  chr6_D_62813001#LTR/Copia             8705  8780  (3464) + Zm00001d048766_T005 Unspecified    244    318  (807) 290  
  504    4.7  0.0  6.2  chr6_D_62813001#LTR/Copia             8877  8944  (3300) + Zm00001d048766_T005 Unspecified    317    380  (745) 291  
  687   13.7  0.8  0.0  chr6_D_62813001#LTR/Copia             9117  9233  (3011) + Zm00001d024058_T001 Unspecified      2    119   (25) 292 *
  742    2.2  0.0  0.0  chr6_D_62813001#LTR/Copia             9129  9218  (3026) + Zm00001d036006_T002 Unspecified    116    205   (53) 293  
  780   11.0  0.0  0.0  chr6_D_62813001#LTR/Copia             9277  9385  (2859) + Zm00001d038123_T002 Unspecified    173    281   (97) 294  
 1312   17.9  8.7  0.0  chr7_D_125343800#LTR/Copia            7427  7678  (2913) + Zm00001d044276_T001 Unspecified     65    338 (1457) 295  
  516   21.3  0.0  0.0  chr7_D_125343800#LTR/Copia            7960  8053  (2538) + Zm00001d017026_T001 Unspecified     42    135    (3) 296  
  597   13.8  1.1  1.1  chr9_P_79032327#LTR/Copia             8479  8573  (2583) C Zm00001d019699_T004 Unspecified    (1)    128     34 297  
  902    9.4  0.8  0.8  chr9_P_79032327#LTR/Copia             9070  9197  (1959) C Zm00001d034057_T001 Unspecified    (0)    129      2 298  
  934   16.1  0.0  3.7  dapuuv_AC217549_13514#LTR/unknown     6272  6439  (1235) + Zm00001d041951_T001 Unspecified   1040   1201   (59) 299  
  507   11.7 29.7  0.0  dapuuv_AC217549_13514#LTR/unknown     6443  6553  (1121) + Zm00001d014993_T006 Unspecified    353    496  (407) 300  
  727   27.7  3.7  0.9  egisu_AC206234_9137#LTR/Gypsy         3208  3422 (10528) + Zm00001d027886_T004 Unspecified    317    537    (0) 301  
  544   16.3  1.1  0.0  egisu_AC206234_9137#LTR/Gypsy         6373  6464  (7486) C Zm00001d019699_T004 Unspecified    (1)    128     36 302  
  544   16.3  1.1  0.0  egisu_AC206234_9137#LTR/Gypsy        12933 13024   (926) C Zm00001d019699_T004 Unspecified    (1)    128     36 303  
  609   10.1  0.0  0.0  ewot_AC210077_10573#LTR/Gypsy          516   604  (2567) + Zm00001d031725_T001 Unspecified    555    643  (410) 304  
  502   22.7  7.8  1.7  fajy_AC190874_2682#LTR/unknown         739   904  (1033) C Zm00001d028558_T005 Unspecified  (379)    176      1 305  
 1394    8.0  0.0  0.0  fanuab_AC193594_3712#LTR/unknown      1950  2124  (1396) + Zm00001d026396_T003 Unspecified    208    382  (416) 306  
  605   11.0 13.0  0.0  fanuab_AC193594_3712#LTR/unknown      2139  2238  (1282) + Zm00001d004782_T002 Unspecified      1    113  (323) 307  
 1136   10.0  1.9  0.0  fate_AC194466_4144#LTR/unknown        2294  2453   (963) + Zm00001d028907_T031 Unspecified     15    177    (0) 308  
  827    8.4  0.0  0.0  fate_AC194466_4144#LTR/unknown        2454  2560   (856) + Zm00001d028907_T046 Unspecified      1    107    (0) 309  
  717   14.0  0.0  0.0  gotur_AC201794_7086#LTR/Gypsy          494   600  (1678) + Zm00001d018545_T001 Unspecified    785    891  (648) 310  
 1312   15.7  0.0  4.0  gufa_AC194066_3854#LTR/unknown        1770  2001  (1409) + Zm00001d041951_T001 Unspecified    805   1027  (233) 311  
 2834    9.1  0.2  0.2  gufa_AC194066_3854#LTR/unknown        2285  2682   (728) + Zm00001d005276_T004 Unspecified    468    865  (305) 312  
 1170   12.6  0.0  0.0  gufa_AC194066_3854#LTR/unknown        2741  2899   (511) + Zm00001d014993_T006 Unspecified    422    580  (323) 313  
  612   24.4  4.3  1.4  hiimam_AC207734_9687#LTR/unknown      1075  1282   (169) + Zm00001d013010_T005 Unspecified     65    278    (4) 314  
  525   20.2  2.9  0.0  ifab_AC209906_10473#LTR/unknown        717   820  (1985) C Zm00001d014116_T002 Unspecified  (480)    639    533 315  
 1535   20.0  0.7  0.0  ifab_AC209906_10473#LTR/unknown        867  1161  (1644) + Zm00001d048143_T003 Unspecified    353    649   (26) 316  
  806   18.6  6.2  1.8  ifab_AC209906_10473#LTR/unknown       2007  2214   (591) + Zm00001d037140_T002 Unspecified    211    427 (1184) 317  
  746   12.6  1.8  1.8  ifab_AC209906_10473#LTR/unknown       2273  2385   (420) + Zm00001d039670_T008 Unspecified   1374   1486  (548) 318  
 1368   12.9  0.0  0.5  ilofaw_AC186598_1545#LTR/unknown      1350  1552  (1754) + Zm00001d029762_T012 Unspecified    324    525  (417) 319  
 1043   16.7  0.0  0.0  ilofaw_AC186598_1545#LTR/unknown      1521  1676  (1630) + Zm00001d029762_T001 Unspecified    451    606  (186) 320 *
  806   19.1  4.5  5.1  ilofaw_AC186598_1545#LTR/unknown      1671  1868  (1438) + Zm00001d012624_T004 Unspecified    167    363  (205) 321 *
  647   21.7  0.0  0.0  ilofaw_AC186598_1545#LTR/unknown      1937  2056  (1250) + Zm00001d043845_T072 Unspecified    103    222 (1428) 322  
 2682   23.2  0.9  0.3  ilofaw_AC186598_1545#LTR/unknown      2061  2639   (667) + Zm00001d043845_T072 Unspecified    359    940  (710) 323  
 1243    7.5  1.2  4.5  iseb_AC207352_9544#LTR/Copia           321   570  (4837) + Zm00001d016128_T001 Unspecified    932   1173  (435) 324  
  523   21.1 13.4  0.9  iseb_AC207352_9544#LTR/Copia           384   675  (4732) + Zm00001d016128_T001 Unspecified    723   1050  (558) 325 *
  749   24.4  1.8  0.0  jeli_AC200611_6933#LTR/unknown        1040  1203  (1902) + Zm00001d002625_T001 Unspecified     66    232    (0) 326  
  741   33.9  2.5  1.0  jeli_AC200611_6933#LTR/unknown        1043  1528  (1577) + Zm00001d035876_T010 Unspecified    496    988  (875) 327 *
  942   30.4  3.5  2.6  jeli_AC200611_6933#LTR/unknown        1091  1515  (1590) + Zm00001d030163_T001 Unspecified    379    807  (573) 328 *
 1466   24.2  0.0  0.0  jeli_AC200611_6933#LTR/unknown        1201  1530  (1575) + Zm00001d002625_T002 Unspecified     42    371  (661) 329 *
 1965   13.4  0.0  0.0  jeli_AC200611_6933#LTR/unknown        1247  1530  (1575) + Zm00001d017583_T004 Unspecified      1    284  (892) 330  
  510   11.9 17.5  2.5  jeli_AC200611_6933#LTR/unknown        2729  2831   (274) + Zm00001d032226_T013 Unspecified      9    126   (39) 331  
 1018   28.0  0.3  0.0  jeli_AC208705_10001#LTR/unknown       2328  2627   (415) + Zm00001d041510_T005 Unspecified    386    686  (237) 332  
 1273   31.5  1.8  1.8  ji_AC186528_1508#LTR/Copia            8392  8989  (2979) + Zm00001d006881_T011 Unspecified    230    827  (680) 333  
 1946    7.9 25.4  0.0  jupek_AC208518_9894#LTR/Gypsy         2521  2850   (958) + Zm00001d036334_T019 Unspecified    202    615  (357) 334  
 1375    8.1  0.0  0.0  kahowu_AC205018_178#LTR/unknown       2256  2428   (341) + Zm00001d033795_T004 Unspecified      1    173  (649) 335  
  762    1.1  0.0  0.0  kinosi_AC183924_714#LTR/Gypsy           39   128  (3423) C Zm00001d012605_T002 Unspecified    (5)     90      1 336  
 2329    5.9  0.0 12.2  kinosi_AC183924_714#LTR/Gypsy         1093  1479  (2072) + Zm00001d010599_T001 Unspecified    136    480  (950) 337  
 1205   16.6  1.5  0.0  kinosi_AC183924_714#LTR/Gypsy         1482  1686  (1865) + Zm00001d051893_T003 Unspecified    163    370   (72) 338  
  762    1.1  0.0  0.0  kinosi_AC183924_714#LTR/Gypsy         3241  3330   (221) C Zm00001d012605_T002 Unspecified    (5)     90      1 339  
 1078    3.6  0.0  0.0  kubi_AC195480_4624#LTR/Gypsy             1   137  (5237) + Zm00001d049270_T001 Unspecified    134    270    (0) 340  
 1050    5.2  0.0  0.0  kubi_AC195480_4624#LTR/Gypsy          4864  4998   (376) + Zm00001d049270_T001 Unspecified    134    268    (2) 341  
 1344   20.1  0.7  1.4  labe_AC203760_7937#LTR/Copia          2004  2285   (719) + Zm00001d049362_T007 Unspecified      4    283    (2) 342  
 7506    0.0  0.0  0.0  luteja_AC183974_769#LTR/unknown          1   857   (507) + Zm00001d048715_T005 Unspecified     20    876    (0) 343  
 4613   14.8  2.5  2.9  luteja_AC183974_769#LTR/unknown         78   953   (411) + Zm00001d048715_T005 Unspecified      4    876    (0) 344 *
 4140   17.8  2.5  2.9  luteja_AC183974_769#LTR/unknown        174  1049   (315) + Zm00001d048715_T005 Unspecified      4    876    (0) 345 *
 3672   20.8  2.5  2.9  luteja_AC183974_769#LTR/unknown        270  1145   (219) + Zm00001d048715_T005 Unspecified      4    876    (0) 346 *
 3540   21.5  2.4  2.8  luteja_AC183974_769#LTR/unknown        366  1240   (124) + Zm00001d048715_T005 Unspecified      4    875    (1) 347 *
 3469   20.2  0.0  3.0  luteja_AC183974_769#LTR/unknown        540  1364     (0) + Zm00001d048715_T005 Unspecified      7    807   (69) 348 *
 4101    0.0  0.0  0.0  luteja_AC183974_769#LTR/unknown        733  1212   (152) + Zm00001d048715_T006 Unspecified      1    480    (0) 349  
  593   19.2  0.8  1.5  lyruom_AC185669_1267#LTR/Gypsy         300   431  (4649) C Zm00001d000153_T013 Unspecified    (9)    499    369 350  
  525   18.3  0.8  5.5  lyruom_AC185669_1267#LTR/Gypsy        4948  5080     (0) C Zm00001d000153_T013 Unspecified    (9)    499    373 351  
 3466   15.0  1.7  0.0  mafigi_AC216705_13396#LTR/unknown     2271  2809   (636) + Zm00001d003277_T004 Unspecified    370    917  (351) 352  
  510   14.9  0.0  0.0  mafogo_AC199961_6695#LTR/Gypsy        1081  1167  (1776) + Zm00001d023906_T003 Unspecified      1     87 (1570) 353 *
  723   17.2  0.0  0.8  mafogo_AC199961_6695#LTR/Gypsy        1162  1284  (1659) + Zm00001d010852_T004 Unspecified    151    272 (1169) 354  
  572   13.5 14.4  0.0  mako_AC200748_6991#LTR/unknown        1299  1402  (1608) + Zm00001d018545_T001 Unspecified    722    840  (699) 355 *
  726   14.3 44.0  0.0  mako_AC200748_6991#LTR/unknown        1401  1582  (1428) + Zm00001d014792_T002 Unspecified    362    623    (4) 356 *
  745   12.2  0.0  1.9  mako_AC200748_6991#LTR/unknown        1401  1509  (1501) + Zm00001d009883_T024 Unspecified    206    312    (3) 357 *
 1397   12.6  2.9  0.0  mako_AC200748_6991#LTR/unknown        1428  1634  (1376) + Zm00001d014792_T008 Unspecified      1    213    (0) 358  
  591   29.0  2.7  3.8  mako_AC200748_6991#LTR/unknown        1746  2039   (971) + Zm00001d012322_T001 Unspecified      3    293  (320) 359  
  732   12.8  9.6  0.0  mibaab_AC205139_8652#LTR/unknown       475   599  (2417) + Zm00001d029397_T001 Unspecified   1078   1214 (1360) 360  
 1053   10.0  0.0  0.0  mibaab_AC205139_8652#LTR/unknown       602   751  (2265) + Zm00001d029397_T001 Unspecified   1310   1459 (1115) 361  
  553   22.2  0.0  0.0  mibaab_AC205139_8652#LTR/unknown      1203  1328  (1688) + Zm00001d035812_T005 Unspecified    481    606   (41) 362  
  535   21.0  9.7  0.0  mibaab_AC205139_8652#LTR/unknown      1340  1463  (1553) + Zm00001d010852_T004 Unspecified      1    136 (1305) 363  
 1322   10.5  0.0  0.0  mulaf_AC207733_9686#LTR/unknown       2153  2333   (955) + Zm00001d045261_T010 Unspecified     34    214  (699) 364  
 1300   33.2  0.7  0.7  mulaf_AC207733_9686#LTR/unknown       2314  2765   (523) + Zm00001d034678_T008 Unspecified      3    454   (97) 365 *
 1171   10.7  0.0  0.0  neafu_AC185666_1261#LTR/unknown       1776  1934   (991) + Zm00001d015992_T007 Unspecified    167    325   (89) 366  
  629   27.4  2.9  4.7  nisow_AC208616_9947#LTR/unknown       1152  1457  (2178) + Zm00001d032076_T003 Unspecified      6    306  (102) 367  
 1067   10.4  0.0  0.0  nisow_AC208616_9947#LTR/unknown       1679  1822  (1813) + Zm00001d053308_T002 Unspecified      1    144   (96) 368  
 1049   29.9  1.2  0.9  nisow_AC208616_9947#LTR/unknown       1830  2160  (1475) + Zm00001d023479_T003 Unspecified    187    518 (1630) 369 *
 1557   13.8  0.0  0.0  nisow_AC208616_9947#LTR/unknown       1853  2069  (1566) + Zm00001d053150_T017 Unspecified      1    217    (2) 370  
 1483   12.6  6.3  0.4  nisow_AC208616_9947#LTR/unknown       2041  2279  (1356) + Zm00001d004868_T007 Unspecified    194    446 (1160) 371 *
  908   29.9  0.6  3.4  nisow_AC208616_9947#LTR/unknown       2271  2599  (1036) + Zm00001d040235_T004 Unspecified    247    566  (397) 372 *
  977    7.4  0.0  0.0  nisow_AC208616_9947#LTR/unknown       2867  2988   (647) + Zm00001d010880_T004 Unspecified    690    811  (236) 373  
 1082    4.0  0.0  0.0  odoj_AC194387_4072#LTR/unknown        2962  3087  (2238) + Zm00001d034057_T001 Unspecified      4    129    (0) 374  
  577   14.1  1.1  1.1  odoj_AC194387_4072#LTR/unknown        3582  3674  (1651) + Zm00001d019699_T004 Unspecified     36    128    (1) 375  
 1972    3.2  2.0  0.0  ojah_AC184792_875#LTR/unknown          733   984  (7997) + Zm00001d013757_T011 Unspecified      1    257  (361) 376  
  890   13.6  0.0  3.9  oweiw_AC190860_2662#LTR/unknown        659   819  (1752) + Zm00001d046549_T002 Unspecified    178    332 (2608) 377  
 2715   18.3  0.0  1.2  oweiw_AC190860_2662#LTR/unknown        884  1371  (1200) + Zm00001d044458_T001 Unspecified    619   1100  (815) 378  
 3649   10.3  0.0  0.0  oweiw_AC190860_2662#LTR/unknown       1673  2166   (405) + Zm00001d003373_T001 Unspecified    184    677  (376) 379  
  617   10.9  1.1  1.1  prem1_AC184142_802#LTR/Gypsy          2936  3028  (5444) C Zm00001d019699_T004 Unspecified    (1)    128     36 380  
  981    6.5  0.0  0.0  prem1_AC184142_802#LTR/Gypsy          3530  3653  (4819) C Zm00001d034057_T001 Unspecified    (0)    129      6 381  
  608   12.0  1.1  1.1  prem1_AC184142_802#LTR/Gypsy          7753  7845   (627) C Zm00001d019699_T004 Unspecified    (1)    128     36 382  
 1009    7.1  0.0  0.0  prem1_AC184142_802#LTR/Gypsy          8347  8472     (0) C Zm00001d034057_T001 Unspecified    (0)    129      4 383  
  509   18.5  1.1  0.0  prem1_AC186287_1362#LTR/Gypsy         2366  2457  (6037) C Zm00001d019699_T004 Unspecified    (1)    128     36 384  
 1060    4.8  0.0  0.0  prem1_AC186287_1362#LTR/Gypsy         3028  3153  (5341) C Zm00001d034057_T001 Unspecified    (0)    129      4 385  
  509   18.5  1.1  0.0  prem1_AC186287_1362#LTR/Gypsy         7707  7798   (696) C Zm00001d019699_T004 Unspecified    (1)    128     36 386  
 1082    4.0  0.0  0.0  prem1_AC186287_1362#LTR/Gypsy         8369  8494     (0) C Zm00001d034057_T001 Unspecified    (0)    129      4 387  
 1021    5.5  0.0  0.8  prem1_AC191715_3282#LTR/Gypsy         3417  3543  (4632) C Zm00001d034057_T001 Unspecified    (0)    129      4 388  
  505   15.4  2.2  1.1  prem1_AC191715_3282#LTR/Gypsy         7455  7546   (629) C Zm00001d019699_T004 Unspecified    (1)    128     36 389  
 1033    5.5  0.0  0.8  prem1_AC191715_3282#LTR/Gypsy         8049  8175     (0) C Zm00001d034057_T001 Unspecified    (0)    129      4 390  
  532   17.4  1.1  0.0  prem1_AC200105_6751#LTR/Gypsy         2592  2683  (7533) C Zm00001d019699_T004 Unspecified    (1)    128     36 391  
  532   17.4  1.1  0.0  prem1_AC200105_6751#LTR/Gypsy         9510  9601   (615) C Zm00001d019699_T004 Unspecified    (1)    128     36 392  
  706   19.3  0.0  0.0  prem1_AC200740_6986#LTR/Gypsy         1247  1386  (7212) + Zm00001d020636_T001 Unspecified     39    178   (15) 393  
  597   12.0  1.1  1.1  prem1_AC200740_6986#LTR/Gypsy         2956  3048  (5550) C Zm00001d019699_T004 Unspecified    (1)    128     36 394  
 1072    4.8  0.0  0.0  prem1_AC200740_6986#LTR/Gypsy         3552  3677  (4921) C Zm00001d034057_T001 Unspecified    (0)    129      4 395  
  701   20.0  0.0  0.0  prem1_AC200740_6986#LTR/Gypsy         6167  6306  (2292) + Zm00001d020636_T001 Unspecified     39    178   (15) 396  
  597   12.0  1.1  1.1  prem1_AC200740_6986#LTR/Gypsy         7876  7968   (630) C Zm00001d019699_T004 Unspecified    (1)    128     36 397  
 1072    4.8  0.0  0.0  prem1_AC200740_6986#LTR/Gypsy         8473  8598     (0) C Zm00001d034057_T001 Unspecified    (0)    129      4 398  
  525   13.2  2.1  3.2  prem1_AC201801_7095#LTR/Gypsy         2641  2734  (4901) C Zm00001d019699_T004 Unspecified    (1)    128     36 399  
  959    8.8  0.8  0.0  prem1_AC201801_7095#LTR/Gypsy         3237  3361  (4274) C Zm00001d034057_T001 Unspecified    (0)    129      4 400  
  503   14.4  2.1  3.3  prem1_AC201801_7095#LTR/Gypsy         6912  7004   (631) C Zm00001d019699_T004 Unspecified    (1)    128     37 401  
  994    7.2  0.8  0.0  prem1_AC201801_7095#LTR/Gypsy         7511  7635     (0) C Zm00001d034057_T001 Unspecified    (0)    129      4 402  
  545   13.2  2.2  1.1  prem1_AC215184_12949#LTR/Gypsy        2515  2606  (5210) C Zm00001d019699_T004 Unspecified    (1)    128     36 403  
 1069    4.8  0.0  0.0  prem1_AC215184_12949#LTR/Gypsy        3111  3236  (4580) C Zm00001d034057_T001 Unspecified    (0)    129      4 404  
  545   13.2  2.2  1.1  prem1_AC215184_12949#LTR/Gypsy        7094  7185   (631) C Zm00001d019699_T004 Unspecified    (1)    128     36 405  
 1082    4.0  0.0  0.0  prem1_AC215184_12949#LTR/Gypsy        7691  7816     (0) C Zm00001d034057_T001 Unspecified    (0)    129      4 406  
 1133   13.2  0.0  0.0  ruwi_AC204382_8227#LTR/unknown        1041  1207  (1621) + Zm00001d047562_T002 Unspecified    512    678   (88) 407  
  516   17.3  0.0  6.0  ruwi_AC204382_8227#LTR/unknown        1205  1327  (1501) + Zm00001d053769_T001 Unspecified    243    358 (1619) 408 *
  815   13.3  2.3  0.0  ruwi_AC204382_8227#LTR/unknown        1462  1589  (1239) + Zm00001d040205_T001 Unspecified   1139   1269  (324) 409  
  594   19.6  0.0  0.9  ruwi_AC204382_8227#LTR/unknown        2404  2516   (312) + Zm00001d035186_T002 Unspecified    152    263  (164) 410  
  653   11.3  0.0  0.0  saahol_AC198506_6044#LTR/unknown      2539  2635  (1052) + Zm00001d025893_T004 Unspecified    184    280  (959) 411  
  744   14.6  1.5  4.5  sagyfy_AC187059_1735#LTR/Copia         220   355 (12449) + Zm00001d006410_T014 Unspecified      1    132  (141) 412  
 1137    7.4  0.0  0.7  teuta_AC191650_108#LTR/unknown         169   318  (1878) C Zm00001d037279_T013 Unspecified  (104)    177     29 413  
  900   12.2  2.0  3.3  teuta_AC191650_108#LTR/unknown         465   617  (1579) C Zm00001d044757_T006 Unspecified  (143)    323    173 414  
 1206    6.0  0.0  0.7  teuta_AC191650_108#LTR/unknown        1640  1789   (407) C Zm00001d037279_T013 Unspecified  (104)    177     29 415  
  992    9.5  2.0  2.6  teuta_AC191650_108#LTR/unknown        1936  2087   (109) C Zm00001d044757_T006 Unspecified  (143)    323    173 416  
  808   23.0 12.7  0.0  toro_AC197199_5471#LTR/Gypsy          1188  1400  (2473) + Zm00001d010852_T004 Unspecified      2    241 (1200) 417 *
  869   17.9  1.8  0.0  toro_AC197199_5471#LTR/Gypsy          1398  1565  (2308) + Zm00001d010852_T004 Unspecified    404    574  (867) 418  
  782   16.4  3.1  0.0  toro_AC197199_5471#LTR/Gypsy          2766  2893   (980) + Zm00001d050716_T010 Unspecified      2    133  (132) 419  
  538   21.9  1.0  7.2  tuteh_AC183372_584#LTR/unknown        1334  1525   (617) + Zm00001d016442_T010 Unspecified    439    619    (2) 420  
  602   27.7  3.5  3.5  ubel_AC183941_731#LTR/unknown         1510  1823  (1424) + Zm00001d003294_T001 Unspecified    595    908  (667) 421 *
 1733   13.3  0.0  0.0  ubel_AC183941_731#LTR/unknown         1573  1827  (1420) + Zm00001d003294_T001 Unspecified   1078   1332  (243) 422  
 4271    8.6  0.0  0.0  ubel_AC183941_731#LTR/unknown         1862  2420   (827) + Zm00001d024393_T004 Unspecified    416    974   (40) 423  
 1631   12.4  4.5 24.2  ubel_AC183941_731#LTR/unknown         2470  2872   (375) + Zm00001d025626_T004 Unspecified    537    875  (165) 424  
  550   20.7  6.2  0.0  ujinas_AC217279_13469#LTR/Copia        224   368  (6746) + Zm00001d005996_T001 Unspecified     38    191  (247) 425  
 2764   15.1 21.0  0.7  uluil_AC185306_17#LTR/unknown           67   638   (723) + Zm00001d049628_T001 Unspecified    413   1099    (0) 426  
 1654   14.2  5.5  1.3  uluil_AC185306_17#LTR/unknown         1070  1361     (0) + Zm00001d049628_T001 Unspecified    411    714  (385) 427  
  569   17.2  0.0  2.0  utar_AC212228_11664#LTR/unknown        722   822  (1104) C Zm00001d028261_T015 Unspecified    (2)    288    190 428  
  536   14.5  0.0  0.0  uwub_AC195372_161#LTR/unknown         2411  2493  (6773) C Zm00001d038380_T005 Unspecified   (92)    292    210 429  
  641   14.1  0.0  0.0  uwub_AC195372_161#LTR/unknown         3687  3785  (5481) C Zm00001d034638_T002 Unspecified  (236)    148     50 430  
 1694    5.6  0.4  3.0  uwub_AC195372_161#LTR/unknown         4139  4379  (4887) + Zm00001d029331_T002 Unspecified    272    506  (280) 431  
 1207    8.0  0.0  0.0  uwub_AC195372_161#LTR/unknown         4929  5079  (4187) + Zm00001d047178_T007 Unspecified    512    662   (28) 432  
 1942    5.6  3.6  0.0  uwub_AC195372_161#LTR/unknown         5378  5627  (3639) + Zm00001d000191_T047 Unspecified     43    301  (690) 433  
 1582    5.8  4.4  1.3  uwub_AC195372_161#LTR/unknown         5978  6204  (3062) + Zm00001d037557_T067 Unspecified      1    234  (566) 434  
  852    5.6  0.0  0.0  uwub_AC195372_161#LTR/unknown         6291  6397  (2869) + Zm00001d038251_T001 Unspecified    318    424  (119) 435  
 1891    9.9 29.0  0.0  uwub_AC195372_161#LTR/unknown         6835  7189  (2077) + Zm00001d034173_T001 Unspecified    172    629  (697) 436  
 2051   13.3  1.1  3.2  uwub_AC195372_161#LTR/unknown         7523  7871  (1395) + Zm00001d034173_T001 Unspecified    623    964  (362) 437  
  566   16.0  0.0  0.0  uwub_AC195372_161#LTR/unknown         8543  8636   (630) C Zm00001d005253_T001 Unspecified   (50)    127     34 438  
  583   15.7  0.0  0.0  uwub_AC195372_161#LTR/unknown         8938  9026   (240) + Zm00001d042523_T017 Unspecified      1     89  (258) 439  
  799   18.6  1.7  0.0  vafim_AC196676_5176#LTR/unknown        403   574  (2818) + Zm00001d007692_T007 Unspecified    276    450 (1672) 440  
  964   23.8  2.4  2.8  vafim_AC196676_5176#LTR/unknown       1903  2191  (1201) + Zm00001d002346_T005 Unspecified     38    325  (278) 441  
  779   14.6  0.0  0.0  vafim_AC196676_5176#LTR/unknown       2173  2295  (1097) + Zm00001d047758_T005 Unspecified     77    199  (166) 442 *
  818   12.3  0.0  0.0  vafim_AC196676_5176#LTR/unknown       2354  2475   (917) + Zm00001d008727_T007 Unspecified    555    676 (1556) 443  
 1395   18.6  0.0  0.0  vafim_AC196676_5176#LTR/unknown       2677  2902   (490) + Zm00001d052797_T003 Unspecified      3    228   (92) 444  
  527   17.9 10.3  0.0  vafim_AC196676_5176#LTR/unknown       2921  3037   (355) + Zm00001d019472_T001 Unspecified    597    725  (112) 445  
  698   15.1  0.0  0.0  vedi_AC198992_6258#LTR/unknown        1667  1772  (1554) + Zm00001d018545_T001 Unspecified    785    890  (649) 446  
  730   13.5  1.8  0.0  vedi_AC198992_6258#LTR/unknown        2185  2295  (1031) + Zm00001d026039_T004 Unspecified    572    684  (287) 447  
 1156   12.0  0.0  0.0  wiolus_AC210058_10567#LTR/unknown     1105  1271  (1970) + Zm00001d047562_T002 Unspecified    512    678   (88) 448  
  541   18.4  0.0  7.0  wiolus_AC210058_10567#LTR/unknown     1240  1391  (1850) + Zm00001d053769_T001 Unspecified    217    358 (1619) 449 *
  887   12.2  0.0  0.0  wiolus_AC210058_10567#LTR/unknown     1532  1662  (1579) + Zm00001d040205_T001 Unspecified   1139   1269  (324) 450  
 2243   13.1  0.0  1.5  wiolus_AC210058_10567#LTR/unknown     2478  2818   (423) + Zm00001d049853_T001 Unspecified    335    670  (341) 451  
  516   19.8  0.0  0.0  wiru_AC210670_10789#LTR/Gypsy         1158  1258  (2247) + Zm00001d035812_T005 Unspecified    547    647    (0) 452  
 1094   17.0  0.0  0.0  wiru_AC210670_10789#LTR/Gypsy         1333  1514  (1991) + Zm00001d010852_T004 Unspecified    153    334 (1107) 453  
  773   23.7  0.0  0.0  wiru_AC210670_10789#LTR/Gypsy         1500  1668  (1837) + Zm00001d005794_T013 Unspecified    161    329    (2) 454 *
 4320    8.3  0.0  0.0  wiru_AC210670_10789#LTR/Gypsy         1660  2210  (1295) + Zm00001d032096_T010 Unspecified      1    551  (499) 455  
  652   27.8  1.7  0.0  yemi_AC201773_7064#LTR/Gypsy           945  1117  (8648) + Zm00001d007175_T001 Unspecified   1187   1362  (486) 456  
 1236   29.2  0.0  0.0  yemi_AC201773_7064#LTR/Gypsy          2385  2713  (7052) C Zm00001d010907_T002 Unspecified  (118)    329      1 457  
  695   27.6  2.2  0.0  yemi_AC201773_7064#LTR/Gypsy          4087  4271  (5494) + Zm00001d007175_T001 Unspecified   1174   1362  (486) 458  
 1250   29.6  0.0  0.0  yemi_AC201773_7064#LTR/Gypsy          5534  5868  (3897) C Zm00001d010907_T002 Unspecified  (112)    335      1 459  
  691   28.4  0.0  0.0  yemi_AC201773_7064#LTR/Gypsy          7251  7426  (2339) + Zm00001d007175_T001 Unspecified   1187   1362  (486) 460  
 1265   29.2  0.0  0.0  yemi_AC201773_7064#LTR/Gypsy          8689  9023   (742) C Zm00001d010907_T002 Unspecified  (112)    335      1 461  
 1254   31.3 12.9  2.2  ywely_AC190897_98#LTR/unknown          167   872  (2258) + Zm00001d032003_T001 Unspecified      1    780   (54) 462  
  548   21.4  5.4  0.0  ywely_AC190897_98#LTR/unknown         1452  1563  (1567) + Zm00001d007058_T016 Unspecified     66    183   (42) 463  
